<?xml version="1.0" encoding="UTF-8"?>
<!-- Generated by org.testng.reporters.JUnitReportReporter -->
<testsuite hostname="DESKTOP-HIOUSGQ" failures="0" tests="10" name="FinalProject.FinalProject.AppTest" time="20.432" errors="0" timestamp="2025-06-12T12:02:02 EET" skipped="8">
  <testcase classname="FinalProject.FinalProject.AppTest" name="UserRegistrationProcess" time="13.410"/>
  <testcase classname="FinalProject.FinalProject.AppTest" name="UserLoginFunctionality" time="7.022"/>
  <testcase classname="FinalProject.FinalProject.AppTest" name="ProductSearchFunctionality">
    <skipped/>
  </testcase> <!-- ProductSearchFunctionality -->
  <testcase classname="FinalProject.FinalProject.AppTest" name="ProceedingToCheckout">
    <skipped/>
  </testcase> <!-- ProceedingToCheckout -->
  <testcase classname="FinalProject.FinalProject.AppTest" name="FilteringSearchResults">
    <skipped/>
  </testcase> <!-- FilteringSearchResults -->
  <testcase classname="FinalProject.FinalProject.AppTest" name="HomepageAccessibility">
    <skipped/>
  </testcase> <!-- HomepageAccessibility -->
  <testcase classname="FinalProject.FinalProject.AppTest" name="ContactFormSubmission">
    <skipped/>
  </testcase> <!-- ContactFormSubmission -->
  <testcase classname="FinalProject.FinalProject.AppTest" name="AddingProductsToCart">
    <skipped/>
  </testcase> <!-- AddingProductsToCart -->
  <testcase classname="FinalProject.FinalProject.AppTest" name="ViewingProductDetails">
    <skipped/>
  </testcase> <!-- ViewingProductDetails -->
  <testcase classname="FinalProject.FinalProject.AppTest" name="ViewingAndModifyingShoppingCart">
    <skipped/>
  </testcase> <!-- ViewingAndModifyingShoppingCart -->
</testsuite> <!-- FinalProject.FinalProject.AppTest -->
